This file contains any messages produced by compilers while
running configure, to aid debugging if configure makes a mistake.

It was created by jabber.el configure 0.8.0, which was
generated by GNU Autoconf 2.61.  Invocation command line was

  $ ./configure 

## --------- ##
## Platform. ##
## --------- ##

hostname = Aesir.local
uname -m = x86_64
uname -r = 10.8.0
uname -s = Darwin
uname -v = Darwin Kernel Version 10.8.0: Tue Jun  7 16:32:41 PDT 2011; root:xnu-1504.15.3~1/RELEASE_X86_64

/usr/bin/uname -p = i386
/bin/uname -X     = unknown

/bin/arch              = unknown
/usr/bin/arch -k       = unknown
/usr/convex/getsysinfo = unknown
/usr/bin/hostinfo      = Mach kernel version:
	 Darwin Kernel Version 10.8.0: Tue Jun  7 16:32:41 PDT 2011; root:xnu-1504.15.3~1/RELEASE_X86_64
Kernel configured for up to 8 processors.
4 processors are physically available.
8 processors are logically available.
Processor type: i486 (Intel 80486)
Processors active: 0 1 2 3 4 5 6 7
Primary memory available: 8.00 gigabytes
Default processor set: 116 tasks, 558 threads, 8 processors
Load average: 0.86, Mach factor: 7.12
/bin/machine           = unknown
/usr/bin/oslevel       = unknown
/bin/universe          = unknown

PATH: /Users/michaelsteger/.rvm/gems/ruby-1.9.2-p0/bin
PATH: /Users/michaelsteger/.rvm/gems/ruby-1.9.2-p0@global/bin
PATH: /Users/michaelsteger/.rvm/rubies/ruby-1.9.2-p0/bin
PATH: /Users/michaelsteger/.rvm/bin
PATH: /usr/bin
PATH: /bin
PATH: /usr/sbin
PATH: /sbin
PATH: /usr/local/bin
PATH: /opt/X11/bin
PATH: /usr/local/git/bin
PATH: /usr/texbin
PATH: /usr/X11/bin
PATH: /Users/michaelsteger/bin/
PATH: /Users/michaelsteger/classes/961cs/projects/arcanist/bin/
PATH: /usr/texbin/
PATH: /Users/michaelsteger/.rvm/bin


## ----------- ##
## Core tests. ##
## ----------- ##

configure:1728: checking for a BSD-compatible install
configure:1784: result: /usr/bin/install -c
configure:1795: checking whether build environment is sane
configure:1838: result: yes
configure:1866: checking for a thread-safe mkdir -p
configure:1905: result: ./install-sh -c -d
configure:1918: checking for gawk
configure:1934: found /usr/local/bin/gawk
configure:1945: result: gawk
configure:1956: checking whether make sets $(MAKE)
configure:1977: result: yes
configure:2174: checking for emacs
configure:2204: result: no
configure:2174: checking for xemacs
configure:2204: result: no
configure:2225: checking where .elc files should go
configure:2254: result: ${datadir}/emacs/site-lisp
configure:2263: error: cannot find Emacs

## ---------------- ##
## Cache variables. ##
## ---------------- ##

ac_cv_env_EMACSLOADPATH_set=
ac_cv_env_EMACSLOADPATH_value=
ac_cv_env_EMACS_set=
ac_cv_env_EMACS_value=
ac_cv_env_build_alias_set=
ac_cv_env_build_alias_value=
ac_cv_env_host_alias_set=
ac_cv_env_host_alias_value=
ac_cv_env_target_alias_set=
ac_cv_env_target_alias_value=
ac_cv_path_install='/usr/bin/install -c'
ac_cv_prog_AWK=gawk
ac_cv_prog_make_make_set=yes
am_cv_lispdir='${datadir}/emacs/site-lisp'

## ----------------- ##
## Output variables. ##
## ----------------- ##

ACLOCAL='${SHELL} /Users/michaelsteger/Downloads/emacs-jabber-0.8.0/missing --run aclocal-1.10'
AMTAR='${SHELL} /Users/michaelsteger/Downloads/emacs-jabber-0.8.0/missing --run tar'
AUTOCONF='${SHELL} /Users/michaelsteger/Downloads/emacs-jabber-0.8.0/missing --run autoconf'
AUTOHEADER='${SHELL} /Users/michaelsteger/Downloads/emacs-jabber-0.8.0/missing --run autoheader'
AUTOMAKE='${SHELL} /Users/michaelsteger/Downloads/emacs-jabber-0.8.0/missing --run automake-1.10'
AWK='gawk'
CYGPATH_W='echo'
DEFS=''
ECHO_C='ECHO_N=''
ECHO_T=''
EMACS='no'
EMACSLOADPATH=''
GCONFTOOL=''
GCONF_SCHEMAS_INSTALL_FALSE=''
GCONF_SCHEMAS_INSTALL_TRUE=''
GCONF_SCHEMA_CONFIG_SOURCE=''
GCONF_SCHEMA_FILE_DIR=''
INSTALL_DATA='${INSTALL} -m 644'
INSTALL_PROGRAM='${INSTALL}'
INSTALL_SCRIPT='${INSTALL}'
INSTALL_STRIP_PROGRAM='$(install_sh) -c -s'
LIBOBJS=''
LIBS=''
LTLIBOBJS=''
MAKEINFO='${SHELL} /Users/michaelsteger/Downloads/emacs-jabber-0.8.0/missing --run makeinfo'
PACKAGE='emacs-jabber'
PACKAGE_BUGREPORT='emacs-jabber-general@lists.sourceforge.net'
PACKAGE_NAME='jabber.el'
PACKAGE_STRING='jabber.el 0.8.0'
PACKAGE_TARNAME='emacs-jabber'
PACKAGE_VERSION='0.8.0'
PATH_SEPARATOR=':'
SET_MAKE=''
SHELL='/bin/sh'
STRIP=''
USE_GCONFTOOL_FALSE=''
USE_GCONFTOOL_TRUE=''
USE_OUR_HEX_UTIL_FALSE=''
USE_OUR_HEX_UTIL_TRUE=''
USE_OUR_SHA1_FALSE=''
USE_OUR_SHA1_TRUE=''
VERSION='0.8.0'
am__isrc=''
am__leading_dot='.'
am__tar='${AMTAR} chof - "$$tardir"'
am__untar='${AMTAR} xf -'
bindir='${exec_prefix}/bin'
build_alias=''
datadir='${datarootdir}'
datarootdir='${prefix}/share'
docdir='${datarootdir}/doc/${PACKAGE_TARNAME}'
dvidir='${docdir}'
exec_prefix='NONE'
host_alias=''
htmldir='${docdir}'
includedir='${prefix}/include'
infodir='${datarootdir}/info'
install_sh='$(SHELL) /Users/michaelsteger/Downloads/emacs-jabber-0.8.0/install-sh'
libdir='${exec_prefix}/lib'
libexecdir='${exec_prefix}/libexec'
lispdir='${datadir}/emacs/site-lisp'
localedir='${datarootdir}/locale'
localstatedir='${prefix}/var'
mandir='${datarootdir}/man'
mkdir_p='$(top_builddir)/./install-sh -c -d'
oldincludedir='/usr/include'
pdfdir='${docdir}'
prefix='NONE'
program_transform_name='s,x,x,'
psdir='${docdir}'
sbindir='${exec_prefix}/sbin'
sharedstatedir='${prefix}/com'
sysconfdir='${prefix}/etc'
target_alias=''

## ----------- ##
## confdefs.h. ##
## ----------- ##

#define PACKAGE_NAME "jabber.el"
#define PACKAGE_TARNAME "emacs-jabber"
#define PACKAGE_VERSION "0.8.0"
#define PACKAGE_STRING "jabber.el 0.8.0"
#define PACKAGE_BUGREPORT "emacs-jabber-general@lists.sourceforge.net"
#define PACKAGE "emacs-jabber"
#define VERSION "0.8.0"

configure: exit 1
